Now Downloading luna25_images.zip.001...
Now Downloading luna25_images.zip.002...
Now Downloading luna25_images.zip.003...
Now Downloading luna25_images.zip.004...
Now Downloading luna25_images.zip.005...
Now Downloading luna25_images.zip.006...
Now Downloading luna25_images.zip.007...
Now Downloading luna25_images.zip.008...
Now Downloading luna25_images.zip.009...
Now Downloading luna25_images.zip.010...
Now Downloading luna25_images.zip.011...
Now Downloading luna25_images.zip.012...
Now Downloading luna25_images.zip.013...
Now Downloading luna25_images.zip.014...
Now Downloading luna25_images.zip.015...
Now Downloading luna25_images.zip.016...
Now Downloading luna25_images.zip.017...
Now Downloading luna25_images.zip.018...
Now Downloading luna25_images.zip.019...
Now Downloading luna25_images.zip.020...
Now Downloading luna25_images.zip.021...
Now Downloading luna25_images.zip.022...
Now Downloading luna25_images.zip.023...
Now Downloading luna25_images.zip.024...
Now Downloading luna25_images.zip.025...
Now Downloading luna25_images.zip.026...
Now Downloading luna25_images.zip.027...
Now Downloading luna25_images.zip.028...
Now Downloading luna25_images.zip.029...
Now Downloading luna25_images.zip.030...
Now Downloading luna25_images.zip.031...
Now Downloading luna25_images.zip.032...
Now Downloading luna25_images.zip.033...
Now Downloading luna25_images.zip.034...
Now Downloading luna25_images.zip.035...
Now Downloading luna25_images.zip.036...
Now Downloading luna25_images.zip.037...
Now Downloading luna25_images.zip.038...
Now Downloading luna25_images.zip.039...
Now Downloading luna25_images.zip.040...
Now Downloading luna25_images.zip.041...
Now Downloading luna25_images.zip.042...
Now Downloading luna25_images.zip.043...
Now Downloading luna25_images.zip.044...
Now Downloading luna25_images.zip.045...
Now Downloading luna25_images.zip.046...
Now Downloading luna25_nodule_blocks.zip.001...
Now Downloading luna25_nodule_blocks.zip.002...


#############################
##    Images Downloaded    ##
#############################
Now Downloading LUNA25_Public_Training_Development_Data.csv...


############################
## Annotations Downloaded ##
############################
